  ClientContext.cpp
  Test.pb.cc
E:\GameServer\IOCP_Demo\Dependencies\include\google\protobuf\map.h(353,58): warning C4244: 'argument': conversion from 'const uint64_t' to 'absl::lts_20240116::string_view::size_type', possible loss of data
  (compiling source file 'Dependencies/Test.pb.cc')
  
E:\GameServer\IOCP_Demo\Dependencies\include\google\protobuf\map.h(368,46): warning C4244: 'argument': conversion from 'const uint64_t' to 'size_t', possible loss of data
  (compiling source file 'Dependencies/Test.pb.cc')
  
  UEServer.cpp
  IOCPServer.cpp
  main.cpp
Test.pb.obj : error LNK2001: unresolved external symbol "public: __thiscall absl::lts_20240116::log_internal::LogMessageFatal::~LogMessageFatal(void)" (??1LogMessageFatal@log_internal@lts_20240116@absl@@QAE@XZ)
Test.pb.obj : error LNK2001: unresolved external symbol "public: __thiscall absl::lts_20240116::log_internal::LogMessageFatal::LogMessageFatal(char const *,int,class absl::lts_20240116::string_view)" (??0LogMessageFatal@log_internal@lts_20240116@absl@@QAE@PBDHVstring_view@23@@Z)
Test.pb.obj : error LNK2001: unresolved external symbol "private: void __thiscall absl::lts_20240116::log_internal::LogMessage::CopyToEncodedBuffer<0>(class absl::lts_20240116::string_view)" (??$CopyToEncodedBuffer@$0A@@LogMessage@log_internal@lts_20240116@absl@@AAEXVstring_view@23@@Z)
Test.pb.obj : error LNK2001: unresolved external symbol "public: class absl::lts_20240116::log_internal::LogMessage & __thiscall absl::lts_20240116::log_internal::LogMessage::operator<<<unsigned int,0>(unsigned int const &)" (??$?6I$0A@@LogMessage@log_internal@lts_20240116@absl@@QAEAAV0123@ABI@Z)
Test.pb.obj : error LNK2001: unresolved external symbol "private: unsigned char * __thiscall google::protobuf::io::EpsCopyOutputStream::EnsureSpaceFallback(unsigned char *)" (?EnsureSpaceFallback@EpsCopyOutputStream@io@protobuf@google@@AAEPAEPAE@Z)
Test.pb.obj : error LNK2001: unresolved external symbol "struct google::protobuf::Metadata __cdecl google::protobuf::internal::AssignDescriptors(struct google::protobuf::internal::DescriptorTable const * (__cdecl*)(void),class absl::lts_20240116::once_flag *,struct google::protobuf::Metadata const &)" (?AssignDescriptors@internal@protobuf@google@@YA?AUMetadata@23@P6APBUDescriptorTable@123@XZPAVonce_flag@lts_20240116@absl@@ABU423@@Z)
Test.pb.obj : error LNK2001: unresolved external symbol "public: static char const * __cdecl google::protobuf::internal::TcParser::FastV32S1(class google::protobuf::MessageLite *,char const *,class google::protobuf::internal::ParseContext *,struct google::protobuf::internal::TcFieldData,struct google::protobuf::internal::TcParseTableBase const *,unsigned __int64)" (?FastV32S1@TcParser@internal@protobuf@google@@SAPBDPAVMessageLite@34@PBDPAVParseContext@234@UTcFieldData@234@PBUTcParseTableBase@234@_K@Z)
Test.pb.obj : error LNK2001: unresolved external symbol "public: static char const * __cdecl google::protobuf::internal::TcParser::ParseLoop(class google::protobuf::MessageLite *,char const *,class google::protobuf::internal::ParseContext *,struct google::protobuf::internal::TcParseTableBase const *)" (?ParseLoop@TcParser@internal@protobuf@google@@SAPBDPAVMessageLite@34@PBDPAVParseContext@234@PBUTcParseTableBase@234@@Z)
Test.pb.obj : error LNK2001: unresolved external symbol "public: static char const * __cdecl google::protobuf::internal::TcParser::GenericFallback(class google::protobuf::MessageLite *,char const *,class google::protobuf::internal::ParseContext *,struct google::protobuf::internal::TcFieldData,struct google::protobuf::internal::TcParseTableBase const *,unsigned __int64)" (?GenericFallback@TcParser@internal@protobuf@google@@SAPBDPAVMessageLite@34@PBDPAVParseContext@234@UTcFieldData@234@PBUTcParseTableBase@234@_K@Z)
Test.pb.obj : error LNK2001: unresolved external symbol "public: static unsigned char * __cdecl google::protobuf::internal::WireFormat::InternalSerializeUnknownFieldsToArray(class google::protobuf::UnknownFieldSet const &,unsigned char *,class google::protobuf::io::EpsCopyOutputStream *)" (?InternalSerializeUnknownFieldsToArray@WireFormat@internal@protobuf@google@@SAPAEABVUnknownFieldSet@34@PAEPAVEpsCopyOutputStream@io@34@@Z)
Test.pb.obj : error LNK2001: unresolved external symbol "private: void __thiscall google::protobuf::internal::InternalMetadata::DoMergeFrom<class google::protobuf::UnknownFieldSet>(class google::protobuf::UnknownFieldSet const &)" (??$DoMergeFrom@VUnknownFieldSet@protobuf@google@@@InternalMetadata@internal@protobuf@google@@AAEXABVUnknownFieldSet@23@@Z)
Test.pb.obj : error LNK2001: unresolved external symbol "private: void __thiscall google::protobuf::internal::InternalMetadata::DoClear<class google::protobuf::UnknownFieldSet>(void)" (??$DoClear@VUnknownFieldSet@protobuf@google@@@InternalMetadata@internal@protobuf@google@@AAEXXZ)
Test.pb.obj : error LNK2001: unresolved external symbol "private: void __thiscall google::protobuf::internal::InternalMetadata::DeleteOutOfLineHelper<class google::protobuf::UnknownFieldSet>(void)" (??$DeleteOutOfLineHelper@VUnknownFieldSet@protobuf@google@@@InternalMetadata@internal@protobuf@google@@AAEXXZ)
Test.pb.obj : error LNK2001: unresolved external symbol "void __cdecl google::protobuf::internal::AddDescriptors(struct google::protobuf::internal::DescriptorTable const *)" (?AddDescriptors@internal@protobuf@google@@YAXPBUDescriptorTable@123@@Z)
Test.pb.obj : error LNK2001: unresolved external symbol "public: static class google::protobuf::UnknownFieldSet const & __cdecl google::protobuf::UnknownFieldSet::default_instance(void)" (?default_instance@UnknownFieldSet@protobuf@google@@SAABV123@XZ)
Test.pb.obj : error LNK2001: unresolved external symbol "protected: static struct google::protobuf::MessageLite::DescriptorMethods const google::protobuf::Message::kDescriptorMethods" (?kDescriptorMethods@Message@protobuf@google@@1UDescriptorMethods@MessageLite@23@B)
Test.pb.obj : error LNK2001: unresolved external symbol "protected: unsigned int __thiscall google::protobuf::Message::MaybeComputeUnknownFieldsSize(unsigned int,class google::protobuf::internal::CachedSize *)const " (?MaybeComputeUnknownFieldsSize@Message@protobuf@google@@IBEIIPAVCachedSize@internal@23@@Z)
Test.pb.obj : error LNK2001: unresolved external symbol "public: virtual unsigned char * __thiscall google::protobuf::Message::_InternalSerialize(unsigned char *,class google::protobuf::io::EpsCopyOutputStream *)const " (?_InternalSerialize@Message@protobuf@google@@UBEPAEPAEPAVEpsCopyOutputStream@io@23@@Z)
Test.pb.obj : error LNK2001: unresolved external symbol "public: virtual unsigned int __thiscall google::protobuf::Message::ByteSizeLong(void)const " (?ByteSizeLong@Message@protobuf@google@@UBEIXZ)
Test.pb.obj : error LNK2001: unresolved external symbol "public: virtual char const * __thiscall google::protobuf::Message::_InternalParse(char const *,class google::protobuf::internal::ParseContext *)" (?_InternalParse@Message@protobuf@google@@UAEPBDPBDPAVParseContext@internal@23@@Z)
Test.pb.obj : error LNK2001: unresolved external symbol "public: virtual void __thiscall google::protobuf::Message::CheckTypeAndMergeFrom(class google::protobuf::MessageLite const &)" (?CheckTypeAndMergeFrom@Message@protobuf@google@@UAEXABVMessageLite@23@@Z)
Test.pb.obj : error LNK2001: unresolved external symbol "public: virtual bool __thiscall google::protobuf::Message::IsInitialized(void)const " (?IsInitialized@Message@protobuf@google@@UBE_NXZ)
Test.pb.obj : error LNK2001: unresolved external symbol "public: virtual void __thiscall google::protobuf::Message::Clear(void)" (?Clear@Message@protobuf@google@@UAEXXZ)
Test.pb.obj : error LNK2001: unresolved external symbol "private: void * __thiscall google::protobuf::Arena::Allocate(unsigned int)" (?Allocate@Arena@protobuf@google@@AAEPAXI@Z)
E:\GameServer\IOCP_Demo\Release\IOCP_Demo.exe : fatal error LNK1120: 24 unresolved externals
