  ClientContext.cpp
  IOCPServer.cpp
  Packet.cpp
  ShooterProtocol.pb.cc
E:\GameServer\IOCP_Demo\Dependencies\include\google\protobuf\has_bits.h(74,66): warning C4267: 'argument': conversion from 'size_t' to 'int', possible loss of data
  (compiling source file 'ShooterProtocol.pb.cc')
  E:\GameServer\IOCP_Demo\Dependencies\include\google\protobuf\has_bits.h(74,66):
  the template instantiation context (the oldest one first) is
  	E:\GameServer\IOCP_Demo\Dependencies\include\google\protobuf\has_bits.h(84,25):
  	see reference to class template instantiation 'google::protobuf::internal::HasBits<1>' being compiled
  	E:\GameServer\IOCP_Demo\Dependencies\include\google\protobuf\has_bits.h(73,8):
  	while compiling class template member function 'void google::protobuf::internal::HasBits<1>::Or(const google::protobuf::internal::HasBits<1> &)'
  		E:\GameServer\IOCP_Demo\ShooterProtocol.pb.cc(944,23):
  		see the first reference to 'google::protobuf::internal::HasBits<1>::Or' in 'Shooter::PEquipment::_InternalParse'
  
  UEServer.cpp
  main.cpp
  Generating code
  172 of 1300 functions (13.2%) were compiled, the rest were copied from previous compilation.
    91 functions were new in current compilation
    97 functions had inline decision re-evaluated but remain unchanged
  Finished generating code
  IOCP_Demo.vcxproj -> E:\GameServer\IOCP_Demo\x64\Release\IOCP_Demo.exe
